{
  "RSpec": {
    "coverage": {
      "/Users/saschultz/Desktop/national-parks/spec/models/attraction_spec.rb": [
        1,
        null,
        1,
        2,
        2,
        null
      ],
      "/Users/saschultz/Desktop/national-parks/spec/rails_helper.rb": [
        null,
        1,
        1,
        1,
        null,
        1,
        1,
        null,
        null,
        null,
        null,
        null,
        null,
        null,
        null,
        null,
        null,
        null,
        null,
        null,
        null,
        null,
        null,
        null,
        null,
        null,
        1,
        null,
        1,
        null,
        1,
        null,
        null,
        null,
        null,
        1,
        null,
        null,
        null,
        null,
        null,
        null,
        null,
        null,
        null,
        null,
        null,
        null,
        null,
        null,
        1,
        null,
        null,
        1,
        null,
        null,
        null,
        1,
        1,
        1,
        1,
        null,
        null
      ],
      "/Users/saschultz/Desktop/national-parks/config/environment.rb": [
        null,
        1,
        null,
        null,
        1
      ],
      "/Users/saschultz/Desktop/national-parks/config/application.rb": [
        1,
        null,
        1,
        null,
        1,
        1,
        1,
        1,
        1,
        1,
        1,
        null,
        null,
        null,
        null,
        null,
        1,
        null,
        1,
        1,
        null,
        1,
        null,
        null,
        null,
        null,
        null,
        null,
        null,
        null,
        1,
        null,
        null
      ],
      "/Users/saschultz/Desktop/national-parks/config/boot.rb": [
        1,
        null,
        1
      ],
      "/Users/saschultz/Desktop/national-parks/config/environments/test.rb": [
        1,
        null,
        null,
        null,
        null,
        null,
        null,
        1,
        null,
        null,
        null,
        null,
        1,
        null,
        null,
        1,
        1,
        null,
        null,
        null,
        null,
        1,
        1,
        null,
        null,
        1,
        null,
        null,
        1,
        1,
        null,
        null,
        null,
        null,
        1,
        null,
        null,
        1,
        null,
        null,
        null,
        null
      ],
      "/Users/saschultz/Desktop/national-parks/config/initializers/application_controller_renderer.rb": [
        null,
        null,
        null,
        null,
        null,
        null
      ],
      "/Users/saschultz/Desktop/national-parks/config/initializers/backtrace_silencers.rb": [
        null,
        null,
        null,
        null,
        null,
        null,
        null
      ],
      "/Users/saschultz/Desktop/national-parks/config/initializers/cors.rb": [
        null,
        null,
        null,
        null,
        null,
        null,
        null,
        null,
        null,
        null,
        null,
        null,
        null,
        null,
        null,
        null
      ],
      "/Users/saschultz/Desktop/national-parks/config/initializers/filter_parameter_logging.rb": [
        null,
        null,
        null,
        1
      ],
      "/Users/saschultz/Desktop/national-parks/config/initializers/inflections.rb": [
        null,
        null,
        null,
        null,
        null,
        null,
        null,
        null,
        null,
        null,
        null,
        null,
        null,
        null,
        null,
        null
      ],
      "/Users/saschultz/Desktop/national-parks/config/initializers/mime_types.rb": [
        null,
        null,
        null,
        null
      ],
      "/Users/saschultz/Desktop/national-parks/config/initializers/wrap_parameters.rb": [
        null,
        null,
        null,
        null,
        null,
        null,
        1,
        2,
        null,
        null,
        null,
        null,
        null,
        null
      ],
      "/Users/saschultz/Desktop/national-parks/app/channels/application_cable/channel.rb": [
        1,
        1,
        null,
        null
      ],
      "/Users/saschultz/Desktop/national-parks/app/channels/application_cable/connection.rb": [
        1,
        1,
        null,
        null
      ],
      "/Users/saschultz/Desktop/national-parks/app/controllers/application_controller.rb": [
        1,
        null
      ],
      "/Users/saschultz/Desktop/national-parks/app/jobs/application_job.rb": [
        1,
        null
      ],
      "/Users/saschultz/Desktop/national-parks/app/mailers/application_mailer.rb": [
        1,
        1,
        1,
        null
      ],
      "/Users/saschultz/Desktop/national-parks/app/models/application_record.rb": [
        1,
        1,
        null
      ],
      "/Users/saschultz/Desktop/national-parks/app/models/attraction.rb": [
        1,
        1,
        1,
        null
      ],
      "/Users/saschultz/Desktop/national-parks/app/models/park.rb": [
        1,
        1,
        1,
        null
      ],
      "/Users/saschultz/Desktop/national-parks/config/routes.rb": [
        1,
        null,
        null
      ],
      "/Users/saschultz/Desktop/national-parks/spec/models/park_spec.rb": [
        1,
        null,
        1,
        2,
        2,
        2,
        2,
        null
      ]
    },
    "timestamp": 1500662880
  }
}
