{
  "RSpec": {
    "coverage": {
      "/Users/saschultz/Desktop/national-parks/spec/models/hike_spec.rb": [
        1,
        null,
        1,
        2,
        2,
        2,
        2,
        null
      ],
      "/Users/saschultz/Desktop/national-parks/spec/rails_helper.rb": [
        null,
        1,
        1,
        1,
        null,
        1,
        1,
        null,
        null,
        null,
        null,
        null,
        null,
        null,
        null,
        null,
        null,
        null,
        null,
        null,
        null,
        null,
        null,
        null,
        null,
        null,
        1,
        null,
        1,
        null,
        1,
        null,
        null,
        null,
        null,
        1,
        null,
        null,
        null,
        null,
        null,
        null,
        null,
        null,
        null,
        null,
        null,
        null,
        null,
        null,
        1,
        null,
        null,
        1,
        null,
        null,
        null,
        1,
        1,
        1,
        1,
        null,
        null
      ],
      "/Users/saschultz/Desktop/national-parks/config/environment.rb": [
        null,
        1,
        null,
        null,
        1
      ],
      "/Users/saschultz/Desktop/national-parks/config/application.rb": [
        1,
        null,
        1,
        null,
        1,
        1,
        1,
        1,
        1,
        1,
        1,
        null,
        null,
        null,
        null,
        null,
        1,
        null,
        1,
        1,
        null,
        1,
        null,
        null,
        null,
        null,
        null,
        null,
        null,
        null,
        1,
        null,
        null
      ],
      "/Users/saschultz/Desktop/national-parks/config/boot.rb": [
        1,
        null,
        1
      ],
      "/Users/saschultz/Desktop/national-parks/config/environments/test.rb": [
        1,
        null,
        null,
        null,
        null,
        null,
        null,
        1,
        null,
        null,
        null,
        null,
        1,
        null,
        null,
        1,
        1,
        null,
        null,
        null,
        null,
        1,
        1,
        null,
        null,
        1,
        null,
        null,
        1,
        1,
        null,
        null,
        null,
        null,
        1,
        null,
        null,
        1,
        null,
        null,
        null,
        null
      ],
      "/Users/saschultz/Desktop/national-parks/config/initializers/application_controller_renderer.rb": [
        null,
        null,
        null,
        null,
        null,
        null
      ],
      "/Users/saschultz/Desktop/national-parks/config/initializers/backtrace_silencers.rb": [
        null,
        null,
        null,
        null,
        null,
        null,
        null
      ],
      "/Users/saschultz/Desktop/national-parks/config/initializers/cors.rb": [
        null,
        null,
        null,
        null,
        null,
        null,
        null,
        null,
        null,
        null,
        null,
        null,
        null,
        null,
        null,
        null
      ],
      "/Users/saschultz/Desktop/national-parks/config/initializers/filter_parameter_logging.rb": [
        null,
        null,
        null,
        1
      ],
      "/Users/saschultz/Desktop/national-parks/config/initializers/inflections.rb": [
        null,
        null,
        null,
        null,
        null,
        null,
        null,
        null,
        null,
        null,
        null,
        null,
        null,
        null,
        null,
        null
      ],
      "/Users/saschultz/Desktop/national-parks/config/initializers/mime_types.rb": [
        null,
        null,
        null,
        null
      ],
      "/Users/saschultz/Desktop/national-parks/config/initializers/wrap_parameters.rb": [
        null,
        null,
        null,
        null,
        null,
        null,
        1,
        2,
        null,
        null,
        null,
        null,
        null,
        null
      ],
      "/Users/saschultz/Desktop/national-parks/app/channels/application_cable/channel.rb": [
        1,
        1,
        null,
        null
      ],
      "/Users/saschultz/Desktop/national-parks/app/channels/application_cable/connection.rb": [
        1,
        1,
        null,
        null
      ],
      "/Users/saschultz/Desktop/national-parks/app/controllers/application_controller.rb": [
        1,
        1,
        1,
        null,
        null,
        1,
        2,
        null,
        null
      ],
      "/Users/saschultz/Desktop/national-parks/app/controllers/hikes_controller.rb": [
        1,
        null,
        1,
        2,
        2,
        null,
        null,
        1,
        1,
        1,
        null,
        null,
        1,
        3,
        3,
        2,
        null,
        null,
        1,
        2,
        2,
        2,
        null,
        null,
        null,
        null,
        null,
        1,
        1,
        1,
        1,
        null,
        null,
        null,
        null,
        null,
        1,
        1,
        6,
        null,
        null,
        1,
        5,
        null,
        null,
        null
      ],
      "/Users/saschultz/Desktop/national-parks/app/controllers/parks_controller.rb": [
        1,
        null,
        1,
        2,
        2,
        null,
        null,
        1,
        3,
        2,
        null,
        null,
        1,
        3,
        2,
        null,
        null,
        1,
        2,
        2,
        2,
        null,
        null,
        null,
        null,
        null,
        1,
        1,
        1,
        null,
        null,
        null,
        1,
        2,
        2,
        2,
        null,
        null,
        1,
        2,
        2,
        null,
        null,
        1,
        1,
        1,
        null,
        null,
        1,
        null,
        1,
        13,
        null,
        null,
        1,
        5,
        null,
        null
      ],
      "/Users/saschultz/Desktop/national-parks/app/jobs/application_job.rb": [
        1,
        null
      ],
      "/Users/saschultz/Desktop/national-parks/app/mailers/application_mailer.rb": [
        1,
        1,
        1,
        null
      ],
      "/Users/saschultz/Desktop/national-parks/app/models/application_record.rb": [
        1,
        1,
        null
      ],
      "/Users/saschultz/Desktop/national-parks/app/models/hike.rb": [
        1,
        1,
        1,
        null
      ],
      "/Users/saschultz/Desktop/national-parks/app/models/park.rb": [
        1,
        1,
        1,
        null,
        1,
        2,
        null,
        null,
        1,
        1,
        null,
        null,
        1,
        null,
        null,
        null,
        null,
        2,
        null,
        null
      ],
      "/Users/saschultz/Desktop/national-parks/spec/factories.rb": [
        1,
        1,
        1,
        1,
        1,
        null,
        null
      ],
      "/Users/saschultz/Desktop/national-parks/config/routes.rb": [
        1,
        1,
        1,
        1,
        1,
        1,
        null,
        1,
        null,
        null
      ],
      "/Users/saschultz/Desktop/national-parks/spec/models/park_spec.rb": [
        1,
        null,
        1,
        2,
        2,
        2,
        2,
        null
      ],
      "/Users/saschultz/Desktop/national-parks/spec/requests/delete_hike_spec.rb": [
        1,
        null,
        1,
        null,
        1,
        1,
        1,
        1,
        null,
        null,
        1,
        1,
        null,
        null
      ],
      "/Users/saschultz/Desktop/national-parks/spec/requests/delete_park_spec.rb": [
        1,
        null,
        1,
        null,
        1,
        1,
        1,
        null,
        null,
        1,
        1,
        null,
        null,
        null
      ],
      "/Users/saschultz/Desktop/national-parks/spec/requests/exception_get_park_spec.rb": [
        1,
        null,
        1,
        null,
        1,
        1,
        null,
        null,
        1,
        1,
        null,
        null,
        null
      ],
      "/Users/saschultz/Desktop/national-parks/spec/requests/get_hike_by_id_spec.rb": [
        1,
        null,
        1,
        null,
        1,
        1,
        1,
        1,
        null,
        null,
        1,
        1,
        null,
        null,
        null
      ],
      "/Users/saschultz/Desktop/national-parks/spec/requests/get_hikes_spec.rb": [
        1,
        null,
        1,
        null,
        1,
        2,
        2,
        2,
        null,
        null,
        1,
        1,
        null,
        null,
        1,
        1,
        null,
        null
      ],
      "/Users/saschultz/Desktop/national-parks/spec/requests/get_most_hikes_spec.rb": [
        1,
        null,
        1,
        null,
        1,
        2,
        2,
        2,
        null,
        null,
        1,
        1,
        null,
        null,
        1,
        1,
        null,
        null,
        null
      ],
      "/Users/saschultz/Desktop/national-parks/spec/requests/get_park_by_id_spec.rb": [
        1,
        null,
        1,
        null,
        1,
        2,
        2,
        null,
        null,
        1,
        1,
        null,
        null,
        1,
        1,
        null,
        null,
        null
      ],
      "/Users/saschultz/Desktop/national-parks/spec/requests/get_parks_spec.rb": [
        1,
        null,
        1,
        3,
        null,
        3,
        null,
        1,
        1,
        null,
        null,
        1,
        1,
        null,
        null
      ],
      "/Users/saschultz/Desktop/national-parks/spec/requests/get_random_park_spec.rb": [
        1,
        null,
        1,
        null,
        1,
        1,
        1,
        null,
        null,
        1,
        1,
        null,
        null,
        null
      ],
      "/Users/saschultz/Desktop/national-parks/spec/requests/get_search_parks_spec.rb": [
        1,
        null,
        1,
        null,
        1,
        2,
        2,
        null,
        null,
        1,
        1,
        null,
        null,
        1,
        1,
        null,
        null,
        null
      ],
      "/Users/saschultz/Desktop/national-parks/spec/requests/hike_unprocessable_entity_spec.rb": [
        1,
        null,
        1,
        1,
        1,
        1,
        null,
        null,
        1,
        1,
        null,
        null
      ],
      "/Users/saschultz/Desktop/national-parks/spec/requests/park_unprocessable_entity_spec.rb": [
        1,
        null,
        1,
        1,
        1,
        null,
        null,
        1,
        1,
        null,
        null
      ],
      "/Users/saschultz/Desktop/national-parks/spec/requests/patch_hike_spec.rb": [
        1,
        null,
        1,
        null,
        1,
        2,
        2,
        2,
        null,
        null,
        1,
        1,
        null,
        null,
        1,
        1,
        null,
        null,
        null
      ],
      "/Users/saschultz/Desktop/national-parks/spec/requests/patch_park_spec.rb": [
        1,
        null,
        1,
        null,
        1,
        2,
        2,
        null,
        null,
        1,
        1,
        null,
        null,
        1,
        1,
        null,
        null,
        null,
        null
      ],
      "/Users/saschultz/Desktop/national-parks/spec/requests/post_hike_spec.rb": [
        1,
        null,
        1,
        null,
        1,
        2,
        2,
        null,
        null,
        1,
        1,
        null,
        null,
        1,
        1,
        null,
        null,
        null,
        null
      ],
      "/Users/saschultz/Desktop/national-parks/spec/requests/post_park_spec.rb": [
        1,
        null,
        1,
        null,
        1,
        2,
        null,
        null,
        1,
        1,
        null,
        null,
        1,
        1,
        null,
        null,
        null
      ]
    },
    "timestamp": 1500681650
  }
}
